1692135872634:dolar
1692135889512:stacktrace
1692136140694:dolar
1692136151048:stacktrace
1692136228593:dolar
1692137497346:stacktrace
1692137549305:dolar
1692137776769:stacktrace
1692138314983:dolar
1692138322331:stacktrace
1692139076057:dolar
1692142106612:weather
1692234319074:dolar
1692405973040:news
1692405987672:stacktrace
1692406045809:news
1692406070366:stacktrace
1692406383783:news
1692406413730:dolar
1692406426306:weather
1692406443897:news
1692445019971:daily
1692447368993:dolar
1692447374229:daily
1692496032921:dolar
1692496038284:weather
1692496043068:news
1692496053155:stacktrace
1692539304469:getAllItems
1692539308698:stacktrace
1692539323548:getallitems
1692539329098:stacktrace
1692539387553:getAllItems
1692539645534:addCategory Estudos
1692539654544:getAllItems
1692539662547:stacktrace
1692540340548:getAllItems
1692540354505:addCategory Estudos
1692540366188:getAllItems
1692540384910:stacktrace
1692542156995:getAllItems
1692542166267:addCategory Estudos
1692542171567:getAllItems
1692542176753:stacktrace
1692542572427:getAllItems
1692542585950:addCategory Estudos
1692542590163:getAllItems
1692542600409:stacktrace
1692542661272:getAllItems
1692542677854:addCategory Estudos
1692542684175:getAllItems
1692542696748:stacktrace
1692542813190:getAllItems
1692542825905:addCategory Estudos
1692542830695:getAllItems
1692542950715:addCategory Estudos
1692542954510:getAllItems
1692543146265:addCategory Estudos
1692543150682:getAllItems
1692543197263:addItem 'atualização do GitHub/Lattes/Linkedin/Site'
1692543205227:getAllItems
1692543227616:addItem 'atualização do GitHub/Lattes/Linkedin/Site' Estudos
1692543236580:getAllItems
1692543416893:addCategory Estudos
1692543429010:addItem testes
1692543434325:getAllItems
1692543446297:addItem testes Estudos
1692543452628:getAllItems
1692544952381:help
1692544978430:weather
1692544993526:getAllItems
1692545021456:addCategory Estudos
1692545036182:addItem Github Estudos
1692545047968:getAllItems
1692545079919:checkItem Github
1692545085789:getAllItems
1692633243724:getAllItemns
1692633252312:getAllItems
1692634902931:stacktrace
1692634941991:getAllItems
1692562194261:help
